Build sequence for target(s) `main' is [check, deleteBuild, createBuild, makeJar, saveArgs, defaultJunit, serverClientJunitTest, main]
Complete build sequence is [check, deleteBuild, createBuild, makeJar, saveArgs, defaultJunit, serverClientJunitTest, main, ]

check:
[available] Found directory: build
check:  duration 0 seconds

deleteBuild:
   [delete] Deleting C:\Users\Li\workspace_4.3\Asgn3\build\hazelcast.xml
   [delete] Deleting C:\Users\Li\workspace_4.3\Asgn3\build\org\cs27x\dropbox\DefaultFileManager.class
   [delete] Deleting C:\Users\Li\workspace_4.3\Asgn3\build\org\cs27x\dropbox\Dropbox.class
   [delete] Deleting C:\Users\Li\workspace_4.3\Asgn3\build\org\cs27x\dropbox\DropboxCmd$OpCode.class
   [delete] Deleting C:\Users\Li\workspace_4.3\Asgn3\build\org\cs27x\dropbox\DropboxCmd.class
   [delete] Deleting C:\Users\Li\workspace_4.3\Asgn3\build\org\cs27x\dropbox\DropboxCmdProcessor.class
   [delete] Deleting C:\Users\Li\workspace_4.3\Asgn3\build\org\cs27x\dropbox\DropboxProtocol.class
   [delete] Deleting C:\Users\Li\workspace_4.3\Asgn3\build\org\cs27x\dropbox\DropboxTransport.class
   [delete] Deleting C:\Users\Li\workspace_4.3\Asgn3\build\org\cs27x\dropbox\DropboxTransportListener.class
   [delete] Deleting C:\Users\Li\workspace_4.3\Asgn3\build\org\cs27x\dropbox\FileManager.class
   [delete] Deleting C:\Users\Li\workspace_4.3\Asgn3\build\org\cs27x\dropbox\HazelcastTransport.class
   [delete] Deleting C:\Users\Li\workspace_4.3\Asgn3\build\org\cs27x\dropbox\test\AllTests.class
   [delete] Deleting C:\Users\Li\workspace_4.3\Asgn3\build\org\cs27x\dropbox\test\AnExampleUnitTest.class
   [delete] Deleting C:\Users\Li\workspace_4.3\Asgn3\build\org\cs27x\dropbox\test\DefaultFileManagerTest.class
   [delete] Deleting C:\Users\Li\workspace_4.3\Asgn3\build\org\cs27x\dropbox\test\DropboxCmdProcessorTest.class
   [delete] Deleting C:\Users\Li\workspace_4.3\Asgn3\build\org\cs27x\dropbox\test\FileStatesTest.class
   [delete] Deleting C:\Users\Li\workspace_4.3\Asgn3\build\org\cs27x\dropbox\test\TestData.class
   [delete] Deleting C:\Users\Li\workspace_4.3\Asgn3\build\org\cs27x\filewatcher\DropboxFileEventHandler.class
   [delete] Deleting C:\Users\Li\workspace_4.3\Asgn3\build\org\cs27x\filewatcher\FileEvent.class
   [delete] Deleting C:\Users\Li\workspace_4.3\Asgn3\build\org\cs27x\filewatcher\FileEventHandler.class
   [delete] Deleting C:\Users\Li\workspace_4.3\Asgn3\build\org\cs27x\filewatcher\FileReactor$Dispatcher.class
   [delete] Deleting C:\Users\Li\workspace_4.3\Asgn3\build\org\cs27x\filewatcher\FileReactor.class
   [delete] Deleting C:\Users\Li\workspace_4.3\Asgn3\build\org\cs27x\filewatcher\FileState.class
   [delete] Deleting C:\Users\Li\workspace_4.3\Asgn3\build\org\cs27x\filewatcher\FileStates.class
   [delete] Deleting C:\Users\Li\workspace_4.3\Asgn3\build\org\cs27x\test\AllTests.class
   [delete] Deleting C:\Users\Li\workspace_4.3\Asgn3\build\org\cs27x\test\CreateFileTest.class
   [delete] Deleting C:\Users\Li\workspace_4.3\Asgn3\build\org\cs27x\test\DeleteFileTest.class
   [delete] Deleting C:\Users\Li\workspace_4.3\Asgn3\build\org\cs27x\test\DirTest.class
   [delete] Deleting C:\Users\Li\workspace_4.3\Asgn3\build\org\cs27x\test\ModifyFileTest.class
   [delete] Deleting C:\Users\Li\workspace_4.3\Asgn3\build\org\cs27x\util\Args.class
   [delete] Deleting C:\Users\Li\workspace_4.3\Asgn3\build\org\cs27x\util\DropboxProcess.class
   [delete] Deleting C:\Users\Li\workspace_4.3\Asgn3\build\org\cs27x\util\FileOperation.class
   [delete] Deleting C:\Users\Li\workspace_4.3\Asgn3\build\org\cs27x\util\SaveArgs.class
   [delete] Deleting C:\Users\Li\workspace_4.3\Asgn3\build\org\cs27x\util
   [delete] Deleting C:\Users\Li\workspace_4.3\Asgn3\build\org\cs27x\test
   [delete] Deleting C:\Users\Li\workspace_4.3\Asgn3\build\org\cs27x\filewatcher
   [delete] Deleting C:\Users\Li\workspace_4.3\Asgn3\build\org\cs27x\dropbox\test
   [delete] Deleting C:\Users\Li\workspace_4.3\Asgn3\build\org\cs27x\dropbox
   [delete] Deleting C:\Users\Li\workspace_4.3\Asgn3\build\org\cs27x
   [delete] Deleting C:\Users\Li\workspace_4.3\Asgn3\build\org
deleteBuild:  duration 0 seconds

createBuild:
    [mkdir] Skipping C:\Users\Li\workspace_4.3\Asgn3\build because it already exists.
    [javac] C:\Users\Li\workspace_4.3\Asgn3\src\hazelcast.xml skipped - don't know how to handle it
    [javac] org\cs27x\dropbox\DefaultFileManager.java added as org\cs27x\dropbox\DefaultFileManager.class doesn't exist.
    [javac] org\cs27x\dropbox\Dropbox.java added as org\cs27x\dropbox\Dropbox.class doesn't exist.
    [javac] org\cs27x\dropbox\DropboxCmd.java added as org\cs27x\dropbox\DropboxCmd.class doesn't exist.
    [javac] org\cs27x\dropbox\DropboxCmdProcessor.java added as org\cs27x\dropbox\DropboxCmdProcessor.class doesn't exist.
    [javac] org\cs27x\dropbox\DropboxProtocol.java added as org\cs27x\dropbox\DropboxProtocol.class doesn't exist.
    [javac] org\cs27x\dropbox\DropboxTransport.java added as org\cs27x\dropbox\DropboxTransport.class doesn't exist.
    [javac] org\cs27x\dropbox\DropboxTransportListener.java added as org\cs27x\dropbox\DropboxTransportListener.class doesn't exist.
    [javac] org\cs27x\dropbox\FileManager.java added as org\cs27x\dropbox\FileManager.class doesn't exist.
    [javac] org\cs27x\dropbox\HazelcastTransport.java added as org\cs27x\dropbox\HazelcastTransport.class doesn't exist.
    [javac] org\cs27x\dropbox\test\AllTests.java added as org\cs27x\dropbox\test\AllTests.class doesn't exist.
    [javac] org\cs27x\dropbox\test\AnExampleUnitTest.java added as org\cs27x\dropbox\test\AnExampleUnitTest.class doesn't exist.
    [javac] org\cs27x\dropbox\test\DefaultFileManagerTest.java added as org\cs27x\dropbox\test\DefaultFileManagerTest.class doesn't exist.
    [javac] org\cs27x\dropbox\test\DropboxCmdProcessorTest.java added as org\cs27x\dropbox\test\DropboxCmdProcessorTest.class doesn't exist.
    [javac] org\cs27x\dropbox\test\FileStatesTest.java added as org\cs27x\dropbox\test\FileStatesTest.class doesn't exist.
    [javac] org\cs27x\dropbox\test\TestData.java added as org\cs27x\dropbox\test\TestData.class doesn't exist.
    [javac] org\cs27x\filewatcher\DropboxFileEventHandler.java added as org\cs27x\filewatcher\DropboxFileEventHandler.class doesn't exist.
    [javac] org\cs27x\filewatcher\FileEvent.java added as org\cs27x\filewatcher\FileEvent.class doesn't exist.
    [javac] org\cs27x\filewatcher\FileEventHandler.java added as org\cs27x\filewatcher\FileEventHandler.class doesn't exist.
    [javac] org\cs27x\filewatcher\FileReactor.java added as org\cs27x\filewatcher\FileReactor.class doesn't exist.
    [javac] org\cs27x\filewatcher\FileState.java added as org\cs27x\filewatcher\FileState.class doesn't exist.
    [javac] org\cs27x\filewatcher\FileStates.java added as org\cs27x\filewatcher\FileStates.class doesn't exist.
    [javac] org\cs27x\test\AllTests.java added as org\cs27x\test\AllTests.class doesn't exist.
    [javac] org\cs27x\test\CreateFileTest.java added as org\cs27x\test\CreateFileTest.class doesn't exist.
    [javac] org\cs27x\test\DeleteFileTest.java added as org\cs27x\test\DeleteFileTest.class doesn't exist.
    [javac] org\cs27x\test\DirTest.java added as org\cs27x\test\DirTest.class doesn't exist.
    [javac] org\cs27x\test\ModifyFileTest.java added as org\cs27x\test\ModifyFileTest.class doesn't exist.
    [javac] org\cs27x\util\Args.java added as org\cs27x\util\Args.class doesn't exist.
    [javac] org\cs27x\util\DropboxProcess.java added as org\cs27x\util\DropboxProcess.class doesn't exist.
    [javac] org\cs27x\util\FileOperation.java added as org\cs27x\util\FileOperation.class doesn't exist.
    [javac] org\cs27x\util\SaveArgs.java added as org\cs27x\util\SaveArgs.class doesn't exist.
    [javac] Compiling 30 source files to C:\Users\Li\workspace_4.3\Asgn3\build
    [javac] Using modern compiler
    [javac] Compilation arguments:
'-nowarn'
'-d'
'C:\Users\Li\workspace_4.3\Asgn3\build'
'-classpath'
'C:\Users\Li\workspace_4.3\Asgn3\build;C:\Users\Li\workspace_4.3\Asgn3\libs\commons-io-2.4.jar;C:\Users\Li\workspace_4.3\Asgn3\libs\guava-11.0.2.jar;C:\Users\Li\workspace_4.3\Asgn3\libs\hazelcast-all-2.3.1.jar;C:\Users\Li\workspace_4.3\Asgn3\libs\mockito-all-1.9.0.jar;C:\Users\Li\workspace_4.3\Asgn3\libs\junit-4.11.jar'
'-sourcepath'
'C:\Users\Li\workspace_4.3\Asgn3\src'
'-g'

The ' characters around the executable and arguments are
not part of the command.
    [javac] Files to be compiled:
    C:\Users\Li\workspace_4.3\Asgn3\src\org\cs27x\dropbox\DefaultFileManager.java
    C:\Users\Li\workspace_4.3\Asgn3\src\org\cs27x\dropbox\Dropbox.java
    C:\Users\Li\workspace_4.3\Asgn3\src\org\cs27x\dropbox\DropboxCmd.java
    C:\Users\Li\workspace_4.3\Asgn3\src\org\cs27x\dropbox\DropboxCmdProcessor.java
    C:\Users\Li\workspace_4.3\Asgn3\src\org\cs27x\dropbox\DropboxProtocol.java
    C:\Users\Li\workspace_4.3\Asgn3\src\org\cs27x\dropbox\DropboxTransport.java
    C:\Users\Li\workspace_4.3\Asgn3\src\org\cs27x\dropbox\DropboxTransportListener.java
    C:\Users\Li\workspace_4.3\Asgn3\src\org\cs27x\dropbox\FileManager.java
    C:\Users\Li\workspace_4.3\Asgn3\src\org\cs27x\dropbox\HazelcastTransport.java
    C:\Users\Li\workspace_4.3\Asgn3\src\org\cs27x\dropbox\test\AllTests.java
    C:\Users\Li\workspace_4.3\Asgn3\src\org\cs27x\dropbox\test\AnExampleUnitTest.java
    C:\Users\Li\workspace_4.3\Asgn3\src\org\cs27x\dropbox\test\DefaultFileManagerTest.java
    C:\Users\Li\workspace_4.3\Asgn3\src\org\cs27x\dropbox\test\DropboxCmdProcessorTest.java
    C:\Users\Li\workspace_4.3\Asgn3\src\org\cs27x\dropbox\test\FileStatesTest.java
    C:\Users\Li\workspace_4.3\Asgn3\src\org\cs27x\dropbox\test\TestData.java
    C:\Users\Li\workspace_4.3\Asgn3\src\org\cs27x\filewatcher\DropboxFileEventHandler.java
    C:\Users\Li\workspace_4.3\Asgn3\src\org\cs27x\filewatcher\FileEvent.java
    C:\Users\Li\workspace_4.3\Asgn3\src\org\cs27x\filewatcher\FileEventHandler.java
    C:\Users\Li\workspace_4.3\Asgn3\src\org\cs27x\filewatcher\FileReactor.java
    C:\Users\Li\workspace_4.3\Asgn3\src\org\cs27x\filewatcher\FileState.java
    C:\Users\Li\workspace_4.3\Asgn3\src\org\cs27x\filewatcher\FileStates.java
    C:\Users\Li\workspace_4.3\Asgn3\src\org\cs27x\test\AllTests.java
    C:\Users\Li\workspace_4.3\Asgn3\src\org\cs27x\test\CreateFileTest.java
    C:\Users\Li\workspace_4.3\Asgn3\src\org\cs27x\test\DeleteFileTest.java
    C:\Users\Li\workspace_4.3\Asgn3\src\org\cs27x\test\DirTest.java
    C:\Users\Li\workspace_4.3\Asgn3\src\org\cs27x\test\ModifyFileTest.java
    C:\Users\Li\workspace_4.3\Asgn3\src\org\cs27x\util\Args.java
    C:\Users\Li\workspace_4.3\Asgn3\src\org\cs27x\util\DropboxProcess.java
    C:\Users\Li\workspace_4.3\Asgn3\src\org\cs27x\util\FileOperation.java
    C:\Users\Li\workspace_4.3\Asgn3\src\org\cs27x\util\SaveArgs.java
    [javac] Note: C:\Users\Li\workspace_4.3\Asgn3\src\org\cs27x\dropbox\HazelcastTransport.java uses or overrides a deprecated API.
    [javac] Note: Recompile with -Xlint:deprecation for details.
     [copy] C:\Users\Li\workspace_4.3\Asgn3\src\hazelcast.xml added as hazelcast.xml doesn't exist.
     [copy] No sources found.
     [copy] Copying 1 file to C:\Users\Li\workspace_4.3\Asgn3\build
     [copy] Copying C:\Users\Li\workspace_4.3\Asgn3\src\hazelcast.xml to C:\Users\Li\workspace_4.3\Asgn3\build\hazelcast.xml
createBuild:  duration 2 seconds

makeJar:
      [jar] hazelcast.xml added as hazelcast.xml is outdated.
      [jar] org\cs27x\dropbox\DefaultFileManager.class added as org/cs27x/dropbox/DefaultFileManager.class is outdated.
      [jar] org\cs27x\dropbox\Dropbox.class added as org/cs27x/dropbox/Dropbox.class is outdated.
      [jar] org\cs27x\dropbox\DropboxCmd$OpCode.class added as org/cs27x/dropbox/DropboxCmd$OpCode.class is outdated.
      [jar] org\cs27x\dropbox\DropboxCmd.class added as org/cs27x/dropbox/DropboxCmd.class is outdated.
      [jar] org\cs27x\dropbox\DropboxCmdProcessor.class added as org/cs27x/dropbox/DropboxCmdProcessor.class is outdated.
      [jar] org\cs27x\dropbox\DropboxProtocol.class added as org/cs27x/dropbox/DropboxProtocol.class is outdated.
      [jar] org\cs27x\dropbox\DropboxTransport.class added as org/cs27x/dropbox/DropboxTransport.class is outdated.
      [jar] org\cs27x\dropbox\DropboxTransportListener.class added as org/cs27x/dropbox/DropboxTransportListener.class is outdated.
      [jar] org\cs27x\dropbox\FileManager.class added as org/cs27x/dropbox/FileManager.class is outdated.
      [jar] org\cs27x\dropbox\HazelcastTransport.class added as org/cs27x/dropbox/HazelcastTransport.class is outdated.
      [jar] org\cs27x\dropbox\test\AllTests.class added as org/cs27x/dropbox/test/AllTests.class is outdated.
      [jar] org\cs27x\dropbox\test\AnExampleUnitTest.class added as org/cs27x/dropbox/test/AnExampleUnitTest.class is outdated.
      [jar] org\cs27x\dropbox\test\DefaultFileManagerTest.class added as org/cs27x/dropbox/test/DefaultFileManagerTest.class is outdated.
      [jar] org\cs27x\dropbox\test\DropboxCmdProcessorTest.class added as org/cs27x/dropbox/test/DropboxCmdProcessorTest.class is outdated.
      [jar] org\cs27x\dropbox\test\FileStatesTest.class added as org/cs27x/dropbox/test/FileStatesTest.class is outdated.
      [jar] org\cs27x\dropbox\test\TestData.class added as org/cs27x/dropbox/test/TestData.class is outdated.
      [jar] org\cs27x\filewatcher\DropboxFileEventHandler.class added as org/cs27x/filewatcher/DropboxFileEventHandler.class is outdated.
      [jar] org\cs27x\filewatcher\FileEvent.class added as org/cs27x/filewatcher/FileEvent.class is outdated.
      [jar] org\cs27x\filewatcher\FileEventHandler.class added as org/cs27x/filewatcher/FileEventHandler.class is outdated.
      [jar] org\cs27x\filewatcher\FileReactor$Dispatcher.class added as org/cs27x/filewatcher/FileReactor$Dispatcher.class is outdated.
      [jar] org\cs27x\filewatcher\FileReactor.class added as org/cs27x/filewatcher/FileReactor.class is outdated.
      [jar] org\cs27x\filewatcher\FileState.class added as org/cs27x/filewatcher/FileState.class is outdated.
      [jar] org\cs27x\filewatcher\FileStates.class added as org/cs27x/filewatcher/FileStates.class is outdated.
      [jar] org\cs27x\test\AllTests.class added as org/cs27x/test/AllTests.class is outdated.
      [jar] org\cs27x\test\CreateFileTest.class added as org/cs27x/test/CreateFileTest.class is outdated.
      [jar] org\cs27x\test\DeleteFileTest.class added as org/cs27x/test/DeleteFileTest.class is outdated.
      [jar] org\cs27x\test\DirTest.class added as org/cs27x/test/DirTest.class is outdated.
      [jar] org\cs27x\test\ModifyFileTest.class added as org/cs27x/test/ModifyFileTest.class is outdated.
      [jar] org\cs27x\util\Args.class added as org/cs27x/util/Args.class is outdated.
      [jar] org\cs27x\util\DropboxProcess.class added as org/cs27x/util/DropboxProcess.class is outdated.
      [jar] org\cs27x\util\FileOperation.class added as org/cs27x/util/FileOperation.class is outdated.
      [jar] org\cs27x\util\SaveArgs.class added as org/cs27x/util/SaveArgs.class is outdated.
      [jar] org omitted as C:\Users\Li\workspace_4.3\Asgn3\Dropbox.jar:org/ is up to date.
      [jar] org\cs27x omitted as C:\Users\Li\workspace_4.3\Asgn3\Dropbox.jar:org/cs27x/ is up to date.
      [jar] org\cs27x\dropbox omitted as C:\Users\Li\workspace_4.3\Asgn3\Dropbox.jar:org/cs27x/dropbox/ is up to date.
      [jar] org\cs27x\dropbox\test omitted as C:\Users\Li\workspace_4.3\Asgn3\Dropbox.jar:org/cs27x/dropbox/test/ is up to date.
      [jar] org\cs27x\filewatcher omitted as C:\Users\Li\workspace_4.3\Asgn3\Dropbox.jar:org/cs27x/filewatcher/ is up to date.
      [jar] org\cs27x\test omitted as C:\Users\Li\workspace_4.3\Asgn3\Dropbox.jar:org/cs27x/test/ is up to date.
      [jar] org\cs27x\util omitted as C:\Users\Li\workspace_4.3\Asgn3\Dropbox.jar:org/cs27x/util/ is up to date.
      [jar] Building jar: C:\Users\Li\workspace_4.3\Asgn3\Dropbox.jar
      [jar] adding directory META-INF/
      [jar] adding entry META-INF/MANIFEST.MF
      [jar] adding directory org/
      [jar] adding directory org/cs27x/
      [jar] adding directory org/cs27x/dropbox/
      [jar] adding directory org/cs27x/dropbox/test/
      [jar] adding directory org/cs27x/filewatcher/
      [jar] adding directory org/cs27x/test/
      [jar] adding directory org/cs27x/util/
      [jar] adding entry hazelcast.xml
      [jar] adding entry org/cs27x/dropbox/DefaultFileManager.class
      [jar] adding entry org/cs27x/dropbox/Dropbox.class
      [jar] adding entry org/cs27x/dropbox/DropboxCmd$OpCode.class
      [jar] adding entry org/cs27x/dropbox/DropboxCmd.class
      [jar] adding entry org/cs27x/dropbox/DropboxCmdProcessor.class
      [jar] adding entry org/cs27x/dropbox/DropboxProtocol.class
      [jar] adding entry org/cs27x/dropbox/DropboxTransport.class
      [jar] adding entry org/cs27x/dropbox/DropboxTransportListener.class
      [jar] adding entry org/cs27x/dropbox/FileManager.class
      [jar] adding entry org/cs27x/dropbox/HazelcastTransport.class
      [jar] adding entry org/cs27x/dropbox/test/AllTests.class
      [jar] adding entry org/cs27x/dropbox/test/AnExampleUnitTest.class
      [jar] adding entry org/cs27x/dropbox/test/DefaultFileManagerTest.class
      [jar] adding entry org/cs27x/dropbox/test/DropboxCmdProcessorTest.class
      [jar] adding entry org/cs27x/dropbox/test/FileStatesTest.class
      [jar] adding entry org/cs27x/dropbox/test/TestData.class
      [jar] adding entry org/cs27x/filewatcher/DropboxFileEventHandler.class
      [jar] adding entry org/cs27x/filewatcher/FileEvent.class
      [jar] adding entry org/cs27x/filewatcher/FileEventHandler.class
      [jar] adding entry org/cs27x/filewatcher/FileReactor$Dispatcher.class
      [jar] adding entry org/cs27x/filewatcher/FileReactor.class
      [jar] adding entry org/cs27x/filewatcher/FileState.class
      [jar] adding entry org/cs27x/filewatcher/FileStates.class
      [jar] adding entry org/cs27x/test/AllTests.class
      [jar] adding entry org/cs27x/test/CreateFileTest.class
      [jar] adding entry org/cs27x/test/DeleteFileTest.class
      [jar] adding entry org/cs27x/test/DirTest.class
      [jar] adding entry org/cs27x/test/ModifyFileTest.class
      [jar] adding entry org/cs27x/util/Args.class
      [jar] adding entry org/cs27x/util/DropboxProcess.class
      [jar] adding entry org/cs27x/util/FileOperation.class
      [jar] adding entry org/cs27x/util/SaveArgs.class
      [jar] No Implementation-Title set.No Implementation-Version set.No Implementation-Vendor set.
Location: C:\Users\Li\workspace_4.3\Asgn3\build.xml:58: 
makeJar:  duration 0 seconds

saveArgs:
     [java] Executing 'C:\Program Files\Java\jdk1.7.0_25\jre\bin\java.exe' with arguments:
'-classpath'
'C:\Users\Li\workspace_4.3\Asgn3\build;C:\Users\Li\workspace_4.3\Asgn3\libs\commons-io-2.4.jar'
'org.cs27x.util.SaveArgs'
'test-data/server/'
'test-data/client/'

The ' characters around the executable and arguments are
not part of the command.
saveArgs:  duration 0 seconds

defaultJunit:
    [junit] Implicitly adding C:\Vandy\Tools\eclipse_4.3\plugins\org.apache.ant_1.8.4.v201303080030\lib\ant-launcher.jar;C:\Vandy\Tools\eclipse_4.3\plugins\org.apache.ant_1.8.4.v201303080030\lib\ant.jar;C:\Vandy\Tools\eclipse_4.3\plugins\org.apache.ant_1.8.4.v201303080030\lib\ant-junit.jar;C:\Vandy\Tools\eclipse_4.3\plugins\org.apache.ant_1.8.4.v201303080030\lib\ant-junit4.jar to CLASSPATH
dropping C:\Program\JMF21~1.1E\lib\sound.jar from path as it doesn't exist
dropping C:\Program\JMF21~1.1E\lib\jmf.jar from path as it doesn't exist
dropping C:\Program\JMF21~1.1E\lib from path as it doesn't exist
dropping C:\PROGRA~2\JMF21~1.1E\lib\sound.jar from path as it doesn't exist
dropping C:\PROGRA~2\JMF21~1.1E\lib\jmf.jar from path as it doesn't exist
dropping C:\PROGRA~2\JMF21~1.1E\lib from path as it doesn't exist
dropping C:\Program\JMF21~1.1E\lib\sound.jar from path as it doesn't exist
dropping C:\Program\JMF21~1.1E\lib\jmf.jar from path as it doesn't exist
dropping C:\Program\JMF21~1.1E\lib from path as it doesn't exist
dropping C:\PROGRA~2\JMF21~1.1E\lib\sound.jar from path as it doesn't exist
dropping C:\PROGRA~2\JMF21~1.1E\lib\jmf.jar from path as it doesn't exist
dropping C:\PROGRA~2\JMF21~1.1E\lib from path as it doesn't exist
dropping C:\Program\JMF21~1.1E\lib\sound.jar from path as it doesn't exist
dropping C:\Program\JMF21~1.1E\lib\jmf.jar from path as it doesn't exist
dropping C:\Program\JMF21~1.1E\lib from path as it doesn't exist
dropping C:\PROGRA~2\JMF21~1.1E\lib\sound.jar from path as it doesn't exist
dropping C:\PROGRA~2\JMF21~1.1E\lib\jmf.jar from path as it doesn't exist
dropping C:\PROGRA~2\JMF21~1.1E\lib from path as it doesn't exist
dropping C:\Program\JMF21~1.1E\lib\sound.jar from path as it doesn't exist
dropping C:\Program\JMF21~1.1E\lib\jmf.jar from path as it doesn't exist
dropping C:\Program\JMF21~1.1E\lib from path as it doesn't exist
dropping C:\PROGRA~2\JMF21~1.1E\lib\sound.jar from path as it doesn't exist
dropping C:\PROGRA~2\JMF21~1.1E\lib\jmf.jar from path as it doesn't exist
dropping C:\PROGRA~2\JMF21~1.1E\lib from path as it doesn't exist
    [junit] Executing 'C:\Program Files\Java\jdk1.7.0_25\jre\bin\java.exe' with arguments:
'-classpath'
'C:\Users\Li\workspace_4.3\Asgn3\Dropbox.jar;C:\Users\Li\workspace_4.3\Asgn3;C:\Program2\JMF21~1.1E\lib\sound.jar;C:\Program2\JMF21~1.1E\lib\jmf.jar;C:\Program2\JMF21~1.1E\lib;C:\Vandy\Tools\eclipse_4.3\plugins\org.apache.ant_1.8.4.v201303080030\lib\ant-launcher.jar;C:\Vandy\Tools\eclipse_4.3\plugins\org.apache.ant_1.8.4.v201303080030\lib\ant.jar;C:\Vandy\Tools\eclipse_4.3\plugins\org.apache.ant_1.8.4.v201303080030\lib\ant-junit.jar;C:\Vandy\Tools\eclipse_4.3\plugins\org.apache.ant_1.8.4.v201303080030\lib\ant-junit4.jar'
'org.apache.tools.ant.taskdefs.optional.junit.JUnitTestRunner'
'org.cs27x.dropbox.test.AllTests'
'filtertrace=true'
'haltOnError=false'
'haltOnFailure=false'
'formatter=org.apache.tools.ant.taskdefs.optional.junit.SummaryJUnitResultFormatter'
'showoutput=true'
'outputtoformatters=true'
'logfailedtests=true'
'logtestlistenerevents=true'
'crashfile=C:\Users\Li\workspace_4.3\Asgn3\junitvmwatcher6191361208074224872.properties'
'propsfile=C:\Users\Li\workspace_4.3\Asgn3\junit8807451281999321831.properties'

The ' characters around the executable and arguments are
not part of the command.
dropping C:\Program\JMF21~1.1E\lib\sound.jar from path as it doesn't exist
dropping C:\Program\JMF21~1.1E\lib\jmf.jar from path as it doesn't exist
dropping C:\Program\JMF21~1.1E\lib from path as it doesn't exist
dropping C:\PROGRA~2\JMF21~1.1E\lib\sound.jar from path as it doesn't exist
dropping C:\PROGRA~2\JMF21~1.1E\lib\jmf.jar from path as it doesn't exist
dropping C:\PROGRA~2\JMF21~1.1E\lib from path as it doesn't exist
dropping C:\Program\JMF21~1.1E\lib\sound.jar from path as it doesn't exist
dropping C:\Program\JMF21~1.1E\lib\jmf.jar from path as it doesn't exist
dropping C:\Program\JMF21~1.1E\lib from path as it doesn't exist
dropping C:\PROGRA~2\JMF21~1.1E\lib\sound.jar from path as it doesn't exist
dropping C:\PROGRA~2\JMF21~1.1E\lib\jmf.jar from path as it doesn't exist
dropping C:\PROGRA~2\JMF21~1.1E\lib from path as it doesn't exist
    [junit] Running org.cs27x.dropbox.test.AllTests
    [junit] junit.framework.TestListener: tests to run: 10
    [junit] junit.framework.TestListener: startTest(testWrite)
    [junit] junit.framework.TestListener: endTest(testWrite)
    [junit] junit.framework.TestListener: startTest(testDelete)
    [junit] junit.framework.TestListener: endTest(testDelete)
    [junit] junit.framework.TestListener: startTest(testExists)
    [junit] junit.framework.TestListener: endTest(testExists)
    [junit] junit.framework.TestListener: startTest(aBadTest)
    [junit] junit.framework.TestListener: endTest(aBadTest)
    [junit] junit.framework.TestListener: startTest(aBadTestWithAMockObject)
    [junit] junit.framework.TestListener: endTest(aBadTestWithAMockObject)
    [junit] junit.framework.TestListener: startTest(testAdd)
    [junit] junit.framework.TestListener: endTest(testAdd)
    [junit] junit.framework.TestListener: startTest(testRemove)
    [junit] junit.framework.TestListener: endTest(testRemove)
    [junit] junit.framework.TestListener: startTest(testUpdate)
    [junit] junit.framework.TestListener: endTest(testUpdate)
    [junit] junit.framework.TestListener: startTest(testFilter)
    [junit] junit.framework.TestListener: endTest(testFilter)
    [junit] junit.framework.TestListener: startTest(testInsert)
    [junit] junit.framework.TestListener: endTest(testInsert)
    [junit] Tests run: 10, Failures: 0, Errors: 0, Time elapsed: 0.684 sec
defaultJunit:  duration 1 second

serverClientJunitTest:
    [junit] Implicitly adding C:\Vandy\Tools\eclipse_4.3\plugins\org.apache.ant_1.8.4.v201303080030\lib\ant-launcher.jar;C:\Vandy\Tools\eclipse_4.3\plugins\org.apache.ant_1.8.4.v201303080030\lib\ant.jar;C:\Vandy\Tools\eclipse_4.3\plugins\org.apache.ant_1.8.4.v201303080030\lib\ant-junit.jar;C:\Vandy\Tools\eclipse_4.3\plugins\org.apache.ant_1.8.4.v201303080030\lib\ant-junit4.jar to CLASSPATH
dropping C:\Program\JMF21~1.1E\lib\sound.jar from path as it doesn't exist
dropping C:\Program\JMF21~1.1E\lib\jmf.jar from path as it doesn't exist
dropping C:\Program\JMF21~1.1E\lib from path as it doesn't exist
dropping C:\PROGRA~2\JMF21~1.1E\lib\sound.jar from path as it doesn't exist
dropping C:\PROGRA~2\JMF21~1.1E\lib\jmf.jar from path as it doesn't exist
dropping C:\PROGRA~2\JMF21~1.1E\lib from path as it doesn't exist
dropping C:\Program\JMF21~1.1E\lib\sound.jar from path as it doesn't exist
dropping C:\Program\JMF21~1.1E\lib\jmf.jar from path as it doesn't exist
dropping C:\Program\JMF21~1.1E\lib from path as it doesn't exist
dropping C:\PROGRA~2\JMF21~1.1E\lib\sound.jar from path as it doesn't exist
dropping C:\PROGRA~2\JMF21~1.1E\lib\jmf.jar from path as it doesn't exist
dropping C:\PROGRA~2\JMF21~1.1E\lib from path as it doesn't exist
dropping C:\Program\JMF21~1.1E\lib\sound.jar from path as it doesn't exist
dropping C:\Program\JMF21~1.1E\lib\jmf.jar from path as it doesn't exist
dropping C:\Program\JMF21~1.1E\lib from path as it doesn't exist
dropping C:\PROGRA~2\JMF21~1.1E\lib\sound.jar from path as it doesn't exist
dropping C:\PROGRA~2\JMF21~1.1E\lib\jmf.jar from path as it doesn't exist
dropping C:\PROGRA~2\JMF21~1.1E\lib from path as it doesn't exist
dropping C:\Program\JMF21~1.1E\lib\sound.jar from path as it doesn't exist
dropping C:\Program\JMF21~1.1E\lib\jmf.jar from path as it doesn't exist
dropping C:\Program\JMF21~1.1E\lib from path as it doesn't exist
dropping C:\PROGRA~2\JMF21~1.1E\lib\sound.jar from path as it doesn't exist
dropping C:\PROGRA~2\JMF21~1.1E\lib\jmf.jar from path as it doesn't exist
dropping C:\PROGRA~2\JMF21~1.1E\lib from path as it doesn't exist
    [junit] Executing 'C:\Program Files\Java\jdk1.7.0_25\jre\bin\java.exe' with arguments:
'-classpath'
'C:\Users\Li\workspace_4.3\Asgn3\Dropbox.jar;C:\Users\Li\workspace_4.3\Asgn3;C:\Program2\JMF21~1.1E\lib\sound.jar;C:\Program2\JMF21~1.1E\lib\jmf.jar;C:\Program2\JMF21~1.1E\lib;C:\Vandy\Tools\eclipse_4.3\plugins\org.apache.ant_1.8.4.v201303080030\lib\ant-launcher.jar;C:\Vandy\Tools\eclipse_4.3\plugins\org.apache.ant_1.8.4.v201303080030\lib\ant.jar;C:\Vandy\Tools\eclipse_4.3\plugins\org.apache.ant_1.8.4.v201303080030\lib\ant-junit.jar;C:\Vandy\Tools\eclipse_4.3\plugins\org.apache.ant_1.8.4.v201303080030\lib\ant-junit4.jar'
'org.apache.tools.ant.taskdefs.optional.junit.JUnitTestRunner'
'org.cs27x.test.AllTests'
'filtertrace=true'
'haltOnError=false'
'haltOnFailure=false'
'formatter=org.apache.tools.ant.taskdefs.optional.junit.SummaryJUnitResultFormatter'
'showoutput=true'
'outputtoformatters=true'
'logfailedtests=true'
'logtestlistenerevents=true'
'crashfile=C:\Users\Li\workspace_4.3\Asgn3\junitvmwatcher599120411825015474.properties'
'propsfile=C:\Users\Li\workspace_4.3\Asgn3\junit8625327177305170729.properties'

The ' characters around the executable and arguments are
not part of the command.
dropping C:\Program\JMF21~1.1E\lib\sound.jar from path as it doesn't exist
dropping C:\Program\JMF21~1.1E\lib\jmf.jar from path as it doesn't exist
dropping C:\Program\JMF21~1.1E\lib from path as it doesn't exist
dropping C:\PROGRA~2\JMF21~1.1E\lib\sound.jar from path as it doesn't exist
dropping C:\PROGRA~2\JMF21~1.1E\lib\jmf.jar from path as it doesn't exist
dropping C:\PROGRA~2\JMF21~1.1E\lib from path as it doesn't exist
dropping C:\Program\JMF21~1.1E\lib\sound.jar from path as it doesn't exist
dropping C:\Program\JMF21~1.1E\lib\jmf.jar from path as it doesn't exist
dropping C:\Program\JMF21~1.1E\lib from path as it doesn't exist
dropping C:\PROGRA~2\JMF21~1.1E\lib\sound.jar from path as it doesn't exist
dropping C:\PROGRA~2\JMF21~1.1E\lib\jmf.jar from path as it doesn't exist
dropping C:\PROGRA~2\JMF21~1.1E\lib from path as it doesn't exist
    [junit] Running org.cs27x.test.AllTests
    [junit] junit.framework.TestListener: tests to run: 7
    [junit] junit.framework.TestListener: startTest(mixCreateTest)
    [junit] junit.framework.TestListener: endTest(mixCreateTest)
    [junit] junit.framework.TestListener: startTest(serverCreateTest)
    [junit] junit.framework.TestListener: endTest(serverCreateTest)
    [junit] junit.framework.TestListener: startTest(clientCreateTest)
    [junit] junit.framework.TestListener: endTest(clientCreateTest)
    [junit] junit.framework.TestListener: startTest(modifyNameTest)
    [junit] junit.framework.TestListener: endTest(modifyNameTest)
    [junit] junit.framework.TestListener: startTest(modifyContentTest)
    [junit] junit.framework.TestListener: endTest(modifyContentTest)
    [junit] junit.framework.TestListener: startTest(deleteTest)
    [junit] junit.framework.TestListener: endTest(deleteTest)
    [junit] junit.framework.TestListener: startTest(dirTest)
    [junit] junit.framework.TestListener: addFailure(dirTest, new file is not directory)
    [junit] junit.framework.TestListener: endTest(dirTest)
    [junit] Tests run: 7, Failures: 1, Errors: 0, Time elapsed: 114.428 sec
    [junit] Test org.cs27x.test.AllTests FAILED
serverClientJunitTest:  duration 1 minute 55 seconds

main:
main:  duration 0 seconds
BUILD SUCCESSFUL

BUILD SUCCESSFUL
