
check:

deleteBuild:

createBuild:
    [javac] Compiling 30 source files to C:\Users\Li\workspace_4.3\Asgn3\build
    [javac] Note: C:\Users\Li\workspace_4.3\Asgn3\src\org\cs27x\dropbox\HazelcastTransport.java uses or overrides a deprecated API.
    [javac] Note: Recompile with -Xlint:deprecation for details.
     [copy] Copying 1 file to C:\Users\Li\workspace_4.3\Asgn3\build

makeJar:
      [jar] Building jar: C:\Users\Li\workspace_4.3\Asgn3\Dropbox.jar

saveArgs:

defaultJunit:
    [junit] Running org.cs27x.dropbox.test.AllTests
    [junit] Tests run: 10, Failures: 0, Errors: 0, Time elapsed: 0.684 sec

serverClientJunitTest:
    [junit] Running org.cs27x.test.AllTests
    [junit] Tests run: 7, Failures: 1, Errors: 0, Time elapsed: 114.428 sec
    [junit] Test org.cs27x.test.AllTests FAILED

main:
BUILD SUCCESSFUL

BUILD SUCCESSFUL
